<?xml version="1.0" encoding="UTF-8"?>
<!-- Generated by org.testng.reporters.JUnitReportReporter -->
<testsuite skipped="0" hostname="LAPTOP-015GC0K1" name="Automation_Testcase_Redbus.test" tests="1" failures="0" timestamp="25 Feb 2020 06:59:42 GMT" time="15.584" errors="0">
  <testcase name="openbrowser" time="15.584" classname="Automation_Testcase_Redbus.test"/>
</testsuite> <!-- Automation_Testcase_Redbus.test -->
