<?xml version="1.0" encoding="UTF-8"?>
<!-- Generated by org.testng.reporters.JUnitReportReporter -->
<testsuite skipped="1" hostname="LAPTOP-015GC0K1" name="Automation_Testcase_Redbus.Username_Only_CorrectTC2" tests="1" failures="0" timestamp="07 Mar 2020 15:29:34 GMT" time="0.000" errors="0">
  <testcase name="Usernameonlycorrect" time="0.000" classname="Automation_Testcase_Redbus.Username_Only_CorrectTC2">
    <skipped/>
  </testcase> <!-- Usernameonlycorrect -->
</testsuite> <!-- Automation_Testcase_Redbus.Username_Only_CorrectTC2 -->
