<?xml version="1.0" encoding="UTF-8"?>
<!-- Generated by org.testng.reporters.JUnitReportReporter -->
<testsuite skipped="0" hostname="LAPTOP-015GC0K1" name="Automation_Testcase_Redbus.Emptyclass" tests="1" failures="0" timestamp="07 Mar 2020 12:25:45 GMT" time="16.763" errors="0">
  <testcase name="Lauchandopensite" time="16.763" classname="Automation_Testcase_Redbus.Emptyclass"/>
</testsuite> <!-- Automation_Testcase_Redbus.Emptyclass -->
